2025-05-23 14:13:14,771 - crypto_trading - INFO - 启动加密货币交易系统定时任务调度器...
2025-05-23 14:13:14,781 - crypto_scheduler - INFO - 成功加载配置
2025-05-23 14:13:14,781 - crypto_scheduler - INFO - 定时任务计划已设置: 每小时0分收集数据, 00:05生成每日策略
2025-05-23 14:13:14,782 - crypto_scheduler - INFO - 调度器线程已启动
2025-05-23 14:13:14,782 - crypto_scheduler - INFO - 调度器已启动
2025-05-23 14:28:23,333 - crypto_trading - INFO - 接收到停止信号，正在停止调度器...
2025-05-23 14:36:45,049 - crypto_trading - INFO - 运行任务: collect_crypto_news
2025-05-23 14:36:45,050 - crypto_tasks - INFO - 开始收集加密货币热点新闻...
2025-05-23 14:36:45,119 - crypto_news_collector - ERROR - 天行数据API返回错误: key错误或为空
2025-05-23 14:37:06,185 - crypto_news_collector - ERROR - 请求CoinDesk RSS失败: HTTPSConnectionPool(host='www.coindesk.com', port=443): Max retries exceeded with url: /arc/outboundfeeds/rss/ (Caused by ConnectTimeoutError(<urllib3.connection.HTTPSConnection object at 0x0000026081F515A0>, 'Connection to www.coindesk.com timed out. (connect timeout=None)'))
2025-05-23 14:37:06,186 - crypto_news_collector - INFO - 总共获取了0条加密货币热点话题
2025-05-23 14:37:06,187 - crypto_tasks - WARNING - 未能获取加密货币热点新闻或返回为空
2025-05-23 14:37:06,187 - crypto_trading - WARNING - 任务 collect_crypto_news 失败或未完成
2025-05-23 14:38:02,561 - crypto_trading - INFO - 运行任务: collect_crypto_market_data
2025-05-23 14:38:02,562 - crypto_tasks - INFO - 开始收集加密货币市场数据...
2025-05-23 14:38:03,698 - binance_data_collector - INFO - 成功连接到Binance API，服务器时间: 2025-05-23 14:38:04.958000
2025-05-23 14:38:06,183 - binance_data_collector - INFO - 成功获取BTCUSDT市场资金流向数据
2025-05-23 14:38:07,636 - binance_data_collector - INFO - 成功获取ETHUSDT市场资金流向数据
2025-05-23 14:38:08,878 - binance_data_collector - INFO - 成功获取SOLUSDT市场资金流向数据
2025-05-23 14:38:09,050 - binance_data_collector - INFO - 成功存储了3条市场资金流向数据
2025-05-23 14:38:09,053 - crypto_tasks - INFO - 成功收集并存储了 3 条市场资金流向数据
2025-05-23 14:38:09,548 - binance_data_collector - INFO - 成功获取BTCUSDT 1m周期K线数据，共100条
2025-05-23 14:38:09,839 - binance_data_collector - INFO - 成功存储了100条K线数据
2025-05-23 14:38:09,841 - crypto_tasks - INFO - 成功收集并存储了 100 条 BTCUSDT 1m K线数据
2025-05-23 14:38:10,338 - binance_data_collector - INFO - 成功获取BTCUSDT 5m周期K线数据，共100条
2025-05-23 14:38:10,584 - binance_data_collector - INFO - 成功存储了100条K线数据
2025-05-23 14:38:10,586 - crypto_tasks - INFO - 成功收集并存储了 100 条 BTCUSDT 5m K线数据
2025-05-23 14:38:11,216 - binance_data_collector - INFO - 成功获取BTCUSDT 1h周期K线数据，共378条
2025-05-23 14:38:11,898 - binance_data_collector - INFO - 成功存储了378条K线数据
2025-05-23 14:38:11,901 - crypto_tasks - INFO - 成功收集并存储了 378 条 BTCUSDT 1h K线数据
2025-05-23 14:38:12,187 - binance_data_collector - INFO - 成功获取BTCUSDT 1d周期K线数据，共17条
2025-05-23 14:38:12,283 - binance_data_collector - INFO - 成功存储了17条K线数据
2025-05-23 14:38:12,285 - crypto_tasks - INFO - 成功收集并存储了 17 条 BTCUSDT 1d K线数据
2025-05-23 14:38:12,573 - binance_data_collector - INFO - 成功获取ETHUSDT 1m周期K线数据，共100条
2025-05-23 14:38:12,877 - binance_data_collector - INFO - 成功存储了100条K线数据
2025-05-23 14:38:12,880 - crypto_tasks - INFO - 成功收集并存储了 100 条 ETHUSDT 1m K线数据
2025-05-23 14:38:13,172 - binance_data_collector - INFO - 成功获取ETHUSDT 5m周期K线数据，共100条
2025-05-23 14:38:13,397 - binance_data_collector - INFO - 成功存储了100条K线数据
2025-05-23 14:38:13,399 - crypto_tasks - INFO - 成功收集并存储了 100 条 ETHUSDT 5m K线数据
2025-05-23 14:38:14,026 - binance_data_collector - INFO - 成功获取ETHUSDT 1h周期K线数据，共378条
2025-05-23 14:38:14,709 - binance_data_collector - INFO - 成功存储了378条K线数据
2025-05-23 14:38:14,712 - crypto_tasks - INFO - 成功收集并存储了 378 条 ETHUSDT 1h K线数据
2025-05-23 14:38:15,201 - binance_data_collector - INFO - 成功获取ETHUSDT 1d周期K线数据，共17条
2025-05-23 14:38:15,273 - binance_data_collector - INFO - 成功存储了17条K线数据
2025-05-23 14:38:15,276 - crypto_tasks - INFO - 成功收集并存储了 17 条 ETHUSDT 1d K线数据
2025-05-23 14:38:15,771 - binance_data_collector - INFO - 成功获取SOLUSDT 1m周期K线数据，共100条
2025-05-23 14:38:16,002 - binance_data_collector - INFO - 成功存储了100条K线数据
2025-05-23 14:38:16,005 - crypto_tasks - INFO - 成功收集并存储了 100 条 SOLUSDT 1m K线数据
2025-05-23 14:38:16,502 - binance_data_collector - INFO - 成功获取SOLUSDT 5m周期K线数据，共100条
2025-05-23 14:38:16,732 - binance_data_collector - INFO - 成功存储了100条K线数据
2025-05-23 14:38:16,736 - crypto_tasks - INFO - 成功收集并存储了 100 条 SOLUSDT 5m K线数据
2025-05-23 14:38:17,157 - binance_data_collector - INFO - 成功获取SOLUSDT 1h周期K线数据，共377条
2025-05-23 14:38:17,823 - binance_data_collector - INFO - 成功存储了377条K线数据
2025-05-23 14:38:17,825 - crypto_tasks - INFO - 成功收集并存储了 377 条 SOLUSDT 1h K线数据
2025-05-23 14:38:18,112 - binance_data_collector - INFO - 成功获取SOLUSDT 1d周期K线数据，共17条
2025-05-23 14:38:18,191 - binance_data_collector - INFO - 成功存储了17条K线数据
2025-05-23 14:38:18,192 - crypto_tasks - INFO - 成功收集并存储了 17 条 SOLUSDT 1d K线数据
2025-05-23 14:38:18,193 - crypto_trading - INFO - 任务 collect_crypto_market_data 成功完成
2025-05-23 14:39:00,370 - crypto_trading - INFO - 运行任务: summarize_crypto_daily_data
2025-05-23 14:39:00,370 - crypto_tasks - INFO - 开始汇总 2025-05-23 的加密货币数据...
2025-05-23 14:39:00,371 - daily_summary_processor - INFO - 开始2025-05-23的加密货币每日数据汇总...
2025-05-23 14:39:00,412 - daily_summary_processor - ERROR - 每日汇总过程中数据库错误: Object of type Decimal is not JSON serializable
2025-05-23 14:39:00,412 - crypto_tasks - WARNING - 汇总 2025-05-23 的加密货币数据失败或未完成
2025-05-23 14:39:00,413 - crypto_trading - WARNING - 任务 summarize_crypto_daily_data 失败或未完成
2025-05-23 14:52:10,948 - crypto_trading - INFO - 运行任务: collect_crypto_market_data
2025-05-23 14:52:10,948 - crypto_tasks - INFO - 开始收集加密货币市场数据...
2025-05-23 14:52:11,876 - binance_data_collector - INFO - 成功连接到Binance API，服务器时间: 2025-05-23 14:52:13.192000
2025-05-23 14:52:13,248 - binance_data_collector - INFO - 成功获取BTCUSDT市场资金流向数据
2025-05-23 14:52:13,913 - binance_data_collector - INFO - 成功获取ETHUSDT市场资金流向数据
2025-05-23 14:52:14,719 - binance_data_collector - INFO - 成功获取SOLUSDT市场资金流向数据
2025-05-23 14:52:14,936 - binance_data_collector - INFO - 成功存储了3条市场资金流向数据
2025-05-23 14:52:14,940 - crypto_tasks - INFO - 成功收集并存储了 3 条市场资金流向数据
2025-05-23 14:52:15,179 - binance_data_collector - INFO - 成功获取BTCUSDT 1m周期K线数据，共100条
2025-05-23 14:52:15,405 - binance_data_collector - INFO - 成功存储了100条K线数据
2025-05-23 14:52:15,407 - crypto_tasks - INFO - 成功收集并存储了 100 条 BTCUSDT 1m K线数据
2025-05-23 14:52:15,650 - binance_data_collector - INFO - 成功获取BTCUSDT 5m周期K线数据，共100条
2025-05-23 14:52:15,913 - binance_data_collector - INFO - 成功存储了100条K线数据
2025-05-23 14:52:15,916 - crypto_tasks - INFO - 成功收集并存储了 100 条 BTCUSDT 5m K线数据
2025-05-23 14:52:16,244 - binance_data_collector - INFO - 成功获取BTCUSDT 1h周期K线数据，共378条
2025-05-23 14:52:16,923 - binance_data_collector - INFO - 成功存储了378条K线数据
2025-05-23 14:52:16,925 - crypto_tasks - INFO - 成功收集并存储了 378 条 BTCUSDT 1h K线数据
2025-05-23 14:52:17,171 - binance_data_collector - INFO - 成功获取BTCUSDT 1d周期K线数据，共17条
2025-05-23 14:52:17,268 - binance_data_collector - INFO - 成功存储了17条K线数据
2025-05-23 14:52:17,270 - crypto_tasks - INFO - 成功收集并存储了 17 条 BTCUSDT 1d K线数据
2025-05-23 14:52:17,507 - binance_data_collector - INFO - 成功获取ETHUSDT 1m周期K线数据，共100条
2025-05-23 14:52:17,755 - binance_data_collector - INFO - 成功存储了100条K线数据
2025-05-23 14:52:17,758 - crypto_tasks - INFO - 成功收集并存储了 100 条 ETHUSDT 1m K线数据
2025-05-23 14:52:18,114 - binance_data_collector - INFO - 成功获取ETHUSDT 5m周期K线数据，共100条
2025-05-23 14:52:18,356 - binance_data_collector - INFO - 成功存储了100条K线数据
2025-05-23 14:52:18,359 - crypto_tasks - INFO - 成功收集并存储了 100 条 ETHUSDT 5m K线数据
2025-05-23 14:52:18,689 - binance_data_collector - INFO - 成功获取ETHUSDT 1h周期K线数据，共378条
2025-05-23 14:52:19,385 - binance_data_collector - INFO - 成功存储了378条K线数据
2025-05-23 14:52:19,387 - crypto_tasks - INFO - 成功收集并存储了 378 条 ETHUSDT 1h K线数据
2025-05-23 14:52:19,620 - binance_data_collector - INFO - 成功获取ETHUSDT 1d周期K线数据，共17条
2025-05-23 14:52:19,690 - binance_data_collector - INFO - 成功存储了17条K线数据
2025-05-23 14:52:19,692 - crypto_tasks - INFO - 成功收集并存储了 17 条 ETHUSDT 1d K线数据
2025-05-23 14:52:19,928 - binance_data_collector - INFO - 成功获取SOLUSDT 1m周期K线数据，共100条
2025-05-23 14:52:20,164 - binance_data_collector - INFO - 成功存储了100条K线数据
2025-05-23 14:52:20,165 - crypto_tasks - INFO - 成功收集并存储了 100 条 SOLUSDT 1m K线数据
2025-05-23 14:52:20,399 - binance_data_collector - INFO - 成功获取SOLUSDT 5m周期K线数据，共100条
2025-05-23 14:52:20,614 - binance_data_collector - INFO - 成功存储了100条K线数据
2025-05-23 14:52:20,616 - crypto_tasks - INFO - 成功收集并存储了 100 条 SOLUSDT 5m K线数据
2025-05-23 14:52:20,910 - binance_data_collector - INFO - 成功获取SOLUSDT 1h周期K线数据，共377条
2025-05-23 14:52:21,629 - binance_data_collector - INFO - 成功存储了377条K线数据
2025-05-23 14:52:21,632 - crypto_tasks - INFO - 成功收集并存储了 377 条 SOLUSDT 1h K线数据
2025-05-23 14:52:21,864 - binance_data_collector - INFO - 成功获取SOLUSDT 1d周期K线数据，共17条
2025-05-23 14:52:21,935 - binance_data_collector - INFO - 成功存储了17条K线数据
2025-05-23 14:52:21,938 - crypto_tasks - INFO - 成功收集并存储了 17 条 SOLUSDT 1d K线数据
2025-05-23 14:52:21,938 - crypto_trading - INFO - 任务 collect_crypto_market_data 成功完成
2025-05-23 14:52:26,280 - crypto_trading - INFO - 运行任务: summarize_crypto_daily_data
2025-05-23 14:52:26,281 - crypto_tasks - INFO - 开始汇总 2025-05-23 的加密货币数据...
2025-05-23 14:52:26,282 - daily_summary_processor - INFO - 开始2025-05-23的加密货币每日数据汇总...
2025-05-23 14:52:26,332 - daily_summary_processor - ERROR - 每日汇总过程中数据库错误: Object of type Decimal is not JSON serializable
2025-05-23 14:52:26,333 - crypto_tasks - WARNING - 汇总 2025-05-23 的加密货币数据失败或未完成
2025-05-23 14:52:26,333 - crypto_trading - WARNING - 任务 summarize_crypto_daily_data 失败或未完成
2025-05-23 14:52:33,019 - crypto_trading - INFO - 运行任务: collect_crypto_news
2025-05-23 14:52:33,019 - crypto_tasks - INFO - 开始收集加密货币热点新闻...
2025-05-23 14:52:33,020 - crypto_news_collector - WARNING - 未配置CryptoPanic API密钥或使用了占位符，跳过获取CryptoPanic新闻
2025-05-23 14:52:33,020 - crypto_news_collector - WARNING - 未配置CoinMarketCal API密钥或使用了占位符，跳过获取CoinMarketCal事件
2025-05-23 14:52:33,020 - crypto_news_collector - INFO - 总共获取了0条加密货币热点话题
2025-05-23 14:52:33,020 - crypto_tasks - WARNING - 未能获取加密货币热点新闻或返回为空
2025-05-23 14:52:33,020 - crypto_trading - WARNING - 任务 collect_crypto_news 失败或未完成
2025-05-23 14:58:22,830 - crypto_trading - INFO - 运行任务: collect_crypto_news
2025-05-23 14:58:22,831 - crypto_tasks - INFO - 开始收集加密货币热点新闻...
2025-05-23 14:58:22,831 - crypto_news_collector - WARNING - 未配置CryptoPanic API密钥或使用了占位符，跳过获取CryptoPanic新闻
2025-05-23 14:58:22,831 - crypto_news_collector - WARNING - 未配置CoinMarketCal API密钥或使用了占位符，跳过获取CoinMarketCal事件
2025-05-23 14:58:22,832 - crypto_news_collector - INFO - 总共获取了0条加密货币热点话题
2025-05-23 14:58:22,832 - crypto_tasks - WARNING - 未能获取加密货币热点新闻或返回为空
2025-05-23 14:58:22,832 - crypto_trading - WARNING - 任务 collect_crypto_news 失败或未完成
2025-05-23 14:58:36,833 - crypto_trading - INFO - 运行任务: collect_crypto_news
2025-05-23 14:58:36,833 - crypto_tasks - INFO - 开始收集加密货币热点新闻...
2025-05-23 14:58:36,835 - crypto_news_collector - WARNING - 未配置CryptoPanic API密钥或使用了占位符，跳过获取CryptoPanic新闻
2025-05-23 14:58:36,836 - crypto_news_collector - WARNING - 未配置CoinMarketCal API密钥或使用了占位符，跳过获取CoinMarketCal事件
2025-05-23 14:58:36,836 - crypto_news_collector - INFO - 总共获取了0条加密货币热点话题
2025-05-23 14:58:36,836 - crypto_tasks - WARNING - 未能获取加密货币热点新闻或返回为空
2025-05-23 14:58:36,836 - crypto_trading - WARNING - 任务 collect_crypto_news 失败或未完成
2025-05-23 15:03:40,600 - crypto_trading - INFO - 运行任务: collect_crypto_news
2025-05-23 15:03:40,601 - crypto_tasks - INFO - 开始收集加密货币热点新闻...
2025-05-23 15:03:40,602 - crypto_news_collector - WARNING - 未配置CryptoPanic API密钥或使用了占位符，跳过获取CryptoPanic新闻
2025-05-23 15:03:43,517 - crypto_news_collector - ERROR - 请求CoinMarketCal API失败: 403 Client Error: Forbidden for url: https://developers.coinmarketcal.com/v1/events?max=30&dateRangeStart=2025-05-23&dateRangeEnd=2025-06-22&showOnly=hot&sortBy=created_desc
2025-05-23 15:03:43,517 - crypto_news_collector - INFO - 从CoinMarketCal获取了0条事件
2025-05-23 15:03:43,517 - crypto_news_collector - INFO - 总共获取了0条加密货币热点话题
2025-05-23 15:03:43,517 - crypto_tasks - WARNING - 未能获取加密货币热点新闻或返回为空
2025-05-23 15:03:43,517 - crypto_trading - WARNING - 任务 collect_crypto_news 失败或未完成
2025-05-23 15:12:54,053 - crypto_trading - INFO - 运行任务: collect_crypto_news
2025-05-23 15:12:54,054 - crypto_tasks - INFO - 开始收集加密货币热点新闻...
2025-05-23 15:12:55,546 - crypto_news_collector - INFO - 成功从CryptoPanic获取20条加密货币新闻
2025-05-23 15:12:55,546 - crypto_news_collector - INFO - 从CryptoPanic获取了20条新闻
2025-05-23 15:12:55,547 - crypto_news_collector - WARNING - 未配置CoinMarketCal API密钥或使用了占位符，跳过获取CoinMarketCal事件
2025-05-23 15:12:55,547 - crypto_news_collector - INFO - 总共获取了20条加密货币热点话题
2025-05-23 15:12:55,742 - crypto_news_collector - INFO - 成功存储了20条加密货币新闻
2025-05-23 15:12:55,745 - crypto_tasks - INFO - 成功收集并存储了 20 条加密货币热点新闻
2025-05-23 15:12:55,745 - crypto_trading - INFO - 任务 collect_crypto_news 成功完成
2025-05-23 15:21:12,075 - crypto_trading - INFO - 运行任务: collect_crypto_news
2025-05-23 15:21:12,076 - crypto_tasks - INFO - 开始收集加密货币热点新闻...
2025-05-23 15:21:13,284 - crypto_news_collector - INFO - 成功从CryptoPanic获取20条加密货币新闻
2025-05-23 15:21:13,284 - crypto_news_collector - INFO - 从CryptoPanic获取了20条新闻
2025-05-23 15:21:13,284 - crypto_news_collector - WARNING - 未配置CoinMarketCal API密钥或使用了占位符，跳过获取CoinMarketCal事件
2025-05-23 15:21:13,284 - crypto_news_collector - INFO - 总共获取了20条加密货币热点话题
2025-05-23 15:21:13,463 - crypto_news_collector - INFO - 成功存储了20条加密货币新闻
2025-05-23 15:21:13,465 - crypto_tasks - INFO - 成功收集并存储了 20 条加密货币热点新闻
2025-05-23 15:21:13,466 - crypto_trading - INFO - 任务 collect_crypto_news 成功完成
2025-05-23 15:24:57,811 - crypto_trading - INFO - 运行任务: collect_crypto_news
2025-05-23 15:24:57,811 - crypto_tasks - INFO - 开始收集加密货币热点新闻...
2025-05-23 15:24:59,050 - crypto_news_collector - INFO - 成功从CryptoPanic获取20条加密货币新闻
2025-05-23 15:24:59,050 - crypto_news_collector - INFO - 从CryptoPanic获取了20条新闻
2025-05-23 15:24:59,050 - crypto_news_collector - WARNING - 未配置CoinMarketCal API密钥或使用了占位符，跳过获取CoinMarketCal事件
2025-05-23 15:24:59,050 - crypto_news_collector - INFO - 总共获取了20条加密货币热点话题
2025-05-23 15:24:59,197 - crypto_news_collector - INFO - 成功存储了20条加密货币新闻
2025-05-23 15:24:59,199 - crypto_tasks - INFO - 成功收集并存储了 20 条加密货币热点新闻
2025-05-23 15:24:59,199 - crypto_trading - INFO - 任务 collect_crypto_news 成功完成
2025-05-23 15:26:50,511 - crypto_trading - INFO - 运行任务: collect_crypto_news
2025-05-23 15:26:50,512 - crypto_tasks - INFO - 开始收集加密货币热点新闻...
2025-05-23 15:26:51,711 - crypto_news_collector - INFO - 成功从CryptoPanic获取20条加密货币新闻
2025-05-23 15:26:51,712 - crypto_news_collector - INFO - 从CryptoPanic获取了20条新闻
2025-05-23 15:26:51,712 - crypto_news_collector - WARNING - 未配置CoinMarketCal API密钥或使用了占位符，跳过获取CoinMarketCal事件
2025-05-23 15:26:51,712 - crypto_news_collector - INFO - 总共获取了20条加密货币热点话题
2025-05-23 15:26:51,873 - crypto_news_collector - INFO - 成功存储了20条加密货币新闻
2025-05-23 15:26:51,875 - crypto_tasks - INFO - 成功收集并存储了 20 条加密货币热点新闻
2025-05-23 15:26:51,875 - crypto_trading - INFO - 任务 collect_crypto_news 成功完成
2025-05-23 15:30:38,630 - crypto_trading - INFO - 运行任务: collect_crypto_news
2025-05-23 15:30:38,630 - crypto_tasks - INFO - 开始收集加密货币热点新闻...
2025-05-23 15:30:39,747 - crypto_news_collector - INFO - 成功从CryptoPanic获取20条加密货币新闻
2025-05-23 15:30:39,747 - crypto_news_collector - INFO - 从CryptoPanic获取了20条新闻
2025-05-23 15:30:39,747 - crypto_news_collector - WARNING - 未配置CoinMarketCal API密钥或使用了占位符，跳过获取CoinMarketCal事件
2025-05-23 15:30:39,748 - crypto_news_collector - INFO - 总共获取了20条加密货币热点话题
2025-05-23 15:30:39,992 - crypto_news_collector - INFO - 成功存储了20条加密货币新闻
2025-05-23 15:30:39,995 - crypto_tasks - INFO - 成功收集并存储了 20 条加密货币热点新闻
2025-05-23 15:30:39,995 - crypto_trading - INFO - 任务 collect_crypto_news 成功完成
