2025-05-14 18:31:32,994 - stock_analyzer - INFO - 启动股票分析系统定时任务调度器...
2025-05-14 18:31:32,996 - scheduler - INFO - 成功加载配置
2025-05-14 18:31:32,996 - scheduler - INFO - 定时任务计划已设置: 每小时0分收集数据, 09:00进行开盘前准备
2025-05-14 18:31:32,997 - scheduler - INFO - 调度器线程已启动
2025-05-14 18:31:32,997 - scheduler - INFO - 调度器已启动
2025-05-14 18:31:54,513 - stock_analyzer - INFO - 已启用强制运行模式，将忽略交易日检查
2025-05-14 18:31:54,513 - stock_analyzer - INFO - 运行任务: collect_hourly_data
2025-05-14 18:31:54,513 - tasks - INFO - 开始收集热点数据...
2025-05-14 18:31:54,829 - tasks - INFO - 成功收集并存储了 10 条热点数据
2025-05-14 18:31:54,855 - tasks - INFO - 开始收集市场资金流向数据...
2025-05-14 18:31:55,313 - tasks - INFO - 成功收集并存储了 86 条市场资金流向数据
2025-05-14 18:31:55,313 - stock_analyzer - INFO - 任务 collect_hourly_data 成功完成
2025-05-14 18:32:04,005 - stock_analyzer - INFO - 已启用强制运行模式，将忽略交易日检查
2025-05-14 18:32:04,005 - stock_analyzer - INFO - 运行任务: prepare_market_open
2025-05-14 18:32:04,005 - tasks - INFO - 开始汇总 2025-05-14 的数据...
2025-05-14 18:32:04,063 - tasks - INFO - 成功汇总 2025-05-14 的数据
2025-05-14 18:32:04,064 - tasks - INFO - 开始获取 2025-05-14 的买入建议...
2025-05-14 18:32:05,623 - tasks - WARNING - 获取 2025-05-14 的买入建议失败或未完成
2025-05-14 18:32:05,624 - stock_analyzer - WARNING - 任务 prepare_market_open 失败或未完成
2025-05-15 09:35:41,655 - stock_analyzer - INFO - 已启用强制运行模式，将忽略交易日检查
2025-05-15 09:35:41,655 - stock_analyzer - INFO - 运行任务: prepare_market_open
2025-05-15 09:35:41,655 - tasks - INFO - 开始汇总 2025-05-15 的数据...
2025-05-15 09:35:41,800 - tasks - INFO - 成功汇总 2025-05-15 的数据
2025-05-15 09:35:41,800 - tasks - INFO - 开始获取 2025-05-15 的买入建议...
2025-05-15 09:35:43,231 - tasks - WARNING - 获取 2025-05-15 的买入建议失败或未完成
2025-05-15 09:35:43,231 - stock_analyzer - WARNING - 任务 prepare_market_open 失败或未完成
2025-05-15 09:40:10,184 - stock_analyzer - INFO - 启动股票分析系统定时任务调度器...
2025-05-15 09:40:10,184 - scheduler - INFO - 成功加载配置
2025-05-15 09:40:10,185 - scheduler - INFO - 定时任务计划已设置: 每小时0分收集数据, 09:00进行开盘前准备
2025-05-15 09:40:10,185 - scheduler - INFO - 调度器线程已启动
2025-05-15 09:40:10,185 - scheduler - INFO - 调度器已启动
2025-05-15 10:00:00,312 - tasks - INFO - 2025-05-15 是交易日
2025-05-15 10:00:00,312 - scheduler - INFO - 开始收集每小时数据...
2025-05-15 10:00:00,312 - scheduler - INFO - 收集热点数据...
2025-05-15 10:00:00,710 - scheduler - INFO - 成功收集并存储了 10 条热点数据
2025-05-15 10:00:00,710 - scheduler - INFO - 收集资金流向数据...
2025-05-15 10:00:01,301 - scheduler - INFO - 成功收集并存储了 86 条资金流向数据
2025-05-15 10:00:01,302 - scheduler - INFO - 每小时数据收集完成
2025-05-15 10:16:13,158 - stock_analyzer - INFO - 接收到停止信号，正在停止调度器...
